0 info it worked if it ends with ok
1 verbose cli [ '/usr/bin/nodejs',
1 verbose cli   '/usr/bin/npm',
1 verbose cli   'install',
1 verbose cli   'angularbknd-sdk#1.8.2' ]
2 info using npm@3.5.2
3 info using node@v4.2.6
4 silly loadCurrentTree Starting
5 silly install loadCurrentTree
6 silly install readLocalPackageData
7 silly fetchPackageMetaData angularbknd-sdk#1.8.2
8 silly fetchOtherPackageData angularbknd-sdk#1.8.2
9 silly cache add args [ 'angularbknd-sdk#1.8.2', null ]
10 verbose cache add spec angularbknd-sdk#1.8.2
11 silly cache add parsed spec Result {
11 silly cache add   raw: 'angularbknd-sdk#1.8.2',
11 silly cache add   scope: null,
11 silly cache add   name: null,
11 silly cache add   rawSpec: 'angularbknd-sdk#1.8.2',
11 silly cache add   spec: '/home/victor/Documents/Dev/remplacement/angularbknd-sdk#1.8.2',
11 silly cache add   type: 'local' }
12 error addLocal Could not install /home/victor/Documents/Dev/remplacement/angularbknd-sdk#1.8.2
13 silly fetchPackageMetaData Error: ENOENT: no such file or directory, open '/home/victor/Documents/Dev/remplacement/angularbknd-sdk#1.8.2'
13 silly fetchPackageMetaData     at Error (native)
13 silly fetchPackageMetaData  error for angularbknd-sdk#1.8.2 { [Error: ENOENT: no such file or directory, open '/home/victor/Documents/Dev/remplacement/angularbknd-sdk#1.8.2']
13 silly fetchPackageMetaData   errno: -2,
13 silly fetchPackageMetaData   code: 'ENOENT',
13 silly fetchPackageMetaData   syscall: 'open',
13 silly fetchPackageMetaData   path: '/home/victor/Documents/Dev/remplacement/angularbknd-sdk#1.8.2' }
14 silly rollbackFailedOptional Starting
15 silly rollbackFailedOptional Finishing
16 silly runTopLevelLifecycles Starting
17 silly runTopLevelLifecycles Finishing
18 silly install printInstalled
19 verbose stack Error: ENOENT: no such file or directory, open '/home/victor/Documents/Dev/remplacement/angularbknd-sdk#1.8.2'
19 verbose stack     at Error (native)
20 verbose cwd /home/victor/Documents/Dev/remplacement
21 error Linux 4.4.0-22-generic
22 error argv "/usr/bin/nodejs" "/usr/bin/npm" "install" "angularbknd-sdk#1.8.2"
23 error node v4.2.6
24 error npm  v3.5.2
25 error path /home/victor/Documents/Dev/remplacement/angularbknd-sdk#1.8.2
26 error code ENOENT
27 error errno -2
28 error syscall open
29 error enoent ENOENT: no such file or directory, open '/home/victor/Documents/Dev/remplacement/angularbknd-sdk#1.8.2'
30 error enoent ENOENT: no such file or directory, open '/home/victor/Documents/Dev/remplacement/angularbknd-sdk#1.8.2'
30 error enoent This is most likely not a problem with npm itself
30 error enoent and is related to npm not being able to find a file.
31 verbose exit [ -2, true ]
